빌드 시작: 2017. 3. 28. 오후 10:32:44
     1>2 노드의 "\\Mac\Home\Documents\C++\JKSrc\Jangki.vcxproj" 프로젝트(Build 대상)입니다.
     1>ClCompile:
         C:\Program Files (x86)\Microsoft Visual Studio 12.0\VC\bin\CL.exe /c /ZI /nologo /W3 /WX- /Od /Oy- /D WIN32 /D _DEBUG /D _WINDOWS /D _VC80_UPGRADE=0x0600 /D _MBCS /D _AFXDLL /Gm /EHsc /RTC1 /MDd /GS /Gy- /fp:precise /Zc:wchar_t /Zc:forScope /Yc"stdafx.h" /Fp".\Debug\Jangki.pch" /Fo".\Debug\\" /Fd".\Debug\vc120.pdb" /Gd /TP /analyze- /errorReport:prompt StdAfx.cpp
         StdAfx.cpp
     1>c:\program files (x86)\microsoft visual studio 12.0\vc\atlmfc\include\afx.h(38): warning C4996: 'MBCS_Support_Deprecated_In_MFC': MBCS support in MFC is deprecated and may be removed in a future version of MFC.
                 c:\program files (x86)\microsoft visual studio 12.0\vc\atlmfc\include\afx.h(33) : 'MBCS_Support_Deprecated_In_MFC' 선언을 참조하십시오.
         _WIN32_WINNT not defined. Defaulting to _WIN32_WINNT_MAXVER (see WinSDKVer.h)
         C:\Program Files (x86)\Microsoft Visual Studio 12.0\VC\bin\CL.exe /c /ZI /nologo /W3 /WX- /Od /Oy- /D WIN32 /D _DEBUG /D _WINDOWS /D _VC80_UPGRADE=0x0600 /D _MBCS /D _AFXDLL /Gm /EHsc /RTC1 /MDd /GS /Gy- /fp:precise /Zc:wchar_t /Zc:forScope /Yu"stdafx.h" /Fp".\Debug\Jangki.pch" /Fo".\Debug\\" /Fd".\Debug\vc120.pdb" /Gd /TP /analyze- /errorReport:prompt Jangki.cpp JangkiDoc.cpp JangkiView.cpp JKStage.cpp MainFrm.cpp
         MainFrm.cpp
         JKStage.cpp
     1>\\mac\home\documents\c++\jksrc\jkstage.cpp(416): error C2065: 'k' : 선언되지 않은 식별자입니다.
     1>\\mac\home\documents\c++\jksrc\jkstage.cpp(420): error C2065: 'k' : 선언되지 않은 식별자입니다.
     1>\\mac\home\documents\c++\jksrc\jkstage.cpp(421): error C2065: 'k' : 선언되지 않은 식별자입니다.
     1>\\mac\home\documents\c++\jksrc\jkstage.cpp(423): error C2065: 'k' : 선언되지 않은 식별자입니다.
     1>\\mac\home\documents\c++\jksrc\jkstage.cpp(424): error C2065: 'k' : 선언되지 않은 식별자입니다.
     1>\\mac\home\documents\c++\jksrc\jkstage.cpp(434): error C2065: 'k' : 선언되지 않은 식별자입니다.
     1>\\mac\home\documents\c++\jksrc\jkstage.cpp(436): error C2065: 'k' : 선언되지 않은 식별자입니다.
     1>\\mac\home\documents\c++\jksrc\jkstage.cpp(438): error C2065: 'k' : 선언되지 않은 식별자입니다.
     1>\\mac\home\documents\c++\jksrc\jkstage.cpp(444): error C2065: 'k' : 선언되지 않은 식별자입니다.
     1>\\mac\home\documents\c++\jksrc\jkstage.cpp(448): error C2065: 'k' : 선언되지 않은 식별자입니다.
     1>\\mac\home\documents\c++\jksrc\jkstage.cpp(449): error C2065: 'k' : 선언되지 않은 식별자입니다.
     1>\\mac\home\documents\c++\jksrc\jkstage.cpp(451): error C2065: 'k' : 선언되지 않은 식별자입니다.
     1>\\mac\home\documents\c++\jksrc\jkstage.cpp(452): error C2065: 'k' : 선언되지 않은 식별자입니다.
     1>\\mac\home\documents\c++\jksrc\jkstage.cpp(462): error C2065: 'k' : 선언되지 않은 식별자입니다.
     1>\\mac\home\documents\c++\jksrc\jkstage.cpp(464): error C2065: 'k' : 선언되지 않은 식별자입니다.
     1>\\mac\home\documents\c++\jksrc\jkstage.cpp(466): error C2065: 'k' : 선언되지 않은 식별자입니다.
     1>\\mac\home\documents\c++\jksrc\jkstage.cpp(472): error C2065: 'k' : 선언되지 않은 식별자입니다.
     1>\\mac\home\documents\c++\jksrc\jkstage.cpp(476): error C2065: 'k' : 선언되지 않은 식별자입니다.
     1>\\mac\home\documents\c++\jksrc\jkstage.cpp(477): error C2065: 'k' : 선언되지 않은 식별자입니다.
     1>\\mac\home\documents\c++\jksrc\jkstage.cpp(479): error C2065: 'k' : 선언되지 않은 식별자입니다.
     1>\\mac\home\documents\c++\jksrc\jkstage.cpp(480): error C2065: 'k' : 선언되지 않은 식별자입니다.
     1>\\mac\home\documents\c++\jksrc\jkstage.cpp(490): error C2065: 'k' : 선언되지 않은 식별자입니다.
     1>\\mac\home\documents\c++\jksrc\jkstage.cpp(492): error C2065: 'k' : 선언되지 않은 식별자입니다.
     1>\\mac\home\documents\c++\jksrc\jkstage.cpp(494): error C2065: 'k' : 선언되지 않은 식별자입니다.
     1>\\mac\home\documents\c++\jksrc\jkstage.cpp(567): error C2065: 'k' : 선언되지 않은 식별자입니다.
     1>\\mac\home\documents\c++\jksrc\jkstage.cpp(569): error C2065: 'k' : 선언되지 않은 식별자입니다.
     1>\\mac\home\documents\c++\jksrc\jkstage.cpp(571): error C2065: 'k' : 선언되지 않은 식별자입니다.
     1>\\mac\home\documents\c++\jksrc\jkstage.cpp(572): error C2065: 'k' : 선언되지 않은 식별자입니다.
     1>\\mac\home\documents\c++\jksrc\jkstage.cpp(577): error C2065: 'k' : 선언되지 않은 식별자입니다.
     1>\\mac\home\documents\c++\jksrc\jkstage.cpp(579): error C2065: 'k' : 선언되지 않은 식별자입니다.
     1>\\mac\home\documents\c++\jksrc\jkstage.cpp(581): error C2065: 'k' : 선언되지 않은 식별자입니다.
     1>\\mac\home\documents\c++\jksrc\jkstage.cpp(582): error C2065: 'k' : 선언되지 않은 식별자입니다.
     1>\\mac\home\documents\c++\jksrc\jkstage.cpp(587): error C2065: 'k' : 선언되지 않은 식별자입니다.
     1>\\mac\home\documents\c++\jksrc\jkstage.cpp(589): error C2065: 'k' : 선언되지 않은 식별자입니다.
     1>\\mac\home\documents\c++\jksrc\jkstage.cpp(591): error C2065: 'k' : 선언되지 않은 식별자입니다.
     1>\\mac\home\documents\c++\jksrc\jkstage.cpp(592): error C2065: 'k' : 선언되지 않은 식별자입니다.
         JangkiView.cpp
         JangkiDoc.cpp
         Jangki.cpp
     1>\\mac\home\documents\c++\jksrc\jangki.cpp(60): warning C4996: 'CWinApp::Enable3dControls': CWinApp::Enable3dControls is no longer needed. You should remove this call.
                 c:\program files (x86)\microsoft visual studio 12.0\vc\atlmfc\include\afxwin.h(5178) : 'CWinApp::Enable3dControls' 선언을 참조하십시오.
         코드를 생성하고 있습니다...
     1>"\\Mac\Home\Documents\C++\JKSrc\Jangki.vcxproj" 프로젝트를 빌드했습니다(Build 대상). - 실패

빌드하지 못했습니다.

경과 시간: 00:00:40.33
